<?xml version="1.0" encoding="utf-8"?><testsuites name="pytest tests"><testsuite name="pytest" errors="0" failures="0" skipped="0" tests="22" time="34.312" timestamp="2026-01-30T15:31:55.661674+00:00" hostname="agent-env-bc3fbeee-b427-4990-9351-4a82cb42fc4b"><testcase classname="backend.tests.test_api.TestHealthAndSettings" name="test_settings_endpoint" time="0.908" /><testcase classname="backend.tests.test_api.TestPublicEndpoints" name="test_get_services" time="0.498" /><testcase classname="backend.tests.test_api.TestPublicEndpoints" name="test_get_hairdressers" time="0.489" /><testcase classname="backend.tests.test_api.TestAuthentication" name="test_register_new_user" time="0.886" /><testcase classname="backend.tests.test_api.TestAuthentication" name="test_register_duplicate_email" time="0.605" /><testcase classname="backend.tests.test_api.TestAuthentication" name="test_login_admin" time="1.249" /><testcase classname="backend.tests.test_api.TestAuthentication" name="test_login_invalid_credentials" time="1.252" /><testcase classname="backend.tests.test_api.TestAvailability" name="test_check_availability" time="1.832" /><testcase classname="backend.tests.test_api.TestAvailability" name="test_availability_invalid_service" time="0.967" /><testcase classname="backend.tests.test_api.TestAppointments" name="test_create_appointment" time="2.051" /><testcase classname="backend.tests.test_api.TestAppointments" name="test_get_my_appointments" time="1.244" /><testcase classname="backend.tests.test_api.TestAppointments" name="test_create_appointment_past_date" time="2.867" /><testcase classname="backend.tests.test_api.TestAdminEndpoints" name="test_admin_get_all_appointments" time="1.359" /><testcase classname="backend.tests.test_api.TestAdminEndpoints" name="test_admin_filter_by_date" time="1.311" /><testcase classname="backend.tests.test_api.TestAdminEndpoints" name="test_admin_filter_by_status" time="1.248" /><testcase classname="backend.tests.test_api.TestAdminEndpoints" name="test_admin_confirm_appointment" time="2.050" /><testcase classname="backend.tests.test_api.TestAdminEndpoints" name="test_admin_cancel_appointment" time="3.452" /><testcase classname="backend.tests.test_api.TestAdminEndpoints" name="test_non_admin_access_denied" time="2.234" /><testcase classname="backend.tests.test_api.TestAdminServicesManagement" name="test_create_service" time="1.865" /><testcase classname="backend.tests.test_api.TestAdminServicesManagement" name="test_update_service" time="1.849" /><testcase classname="backend.tests.test_api.TestAdminHairdressersManagement" name="test_create_hairdresser" time="1.790" /><testcase classname="backend.tests.test_api.TestAdminHairdressersManagement" name="test_update_hairdresser" time="2.105" /></testsuite></testsuites>