<?xml version="1.0" encoding="utf-8"?><testsuites name="pytest tests"><testsuite name="pytest" errors="0" failures="0" skipped="0" tests="7" time="27.745" timestamp="2026-01-30T20:23:28.322238+00:00" hostname="agent-env-bc3fbeee-b427-4990-9351-4a82cb42fc4b"><testcase classname="backend.tests.test_slot_validation.TestSlotValidation" name="test_double_booking_same_slot_fails" time="4.244" /><testcase classname="backend.tests.test_slot_validation.TestSlotValidation" name="test_availability_excludes_booked_slots" time="4.150" /><testcase classname="backend.tests.test_slot_validation.TestAdminReschedule" name="test_admin_can_reschedule_appointment" time="3.720" /><testcase classname="backend.tests.test_slot_validation.TestAdminReschedule" name="test_admin_reschedule_validates_slot_availability" time="5.173" /><testcase classname="backend.tests.test_slot_validation.TestAdminDelete" name="test_admin_can_delete_appointment" time="4.112" /><testcase classname="backend.tests.test_slot_validation.TestAdminDelete" name="test_delete_nonexistent_appointment_returns_404" time="1.323" /><testcase classname="backend.tests.test_slot_validation.TestAdminCancel" name="test_admin_can_cancel_appointment" time="4.707" /></testsuite></testsuites>